<?xml version="1.0" encoding="utf-8"?><testsuites name="pytest tests"><testsuite name="pytest" errors="0" failures="1" skipped="0" tests="29" time="55.525" timestamp="2026-07-15T19:18:24.663851+00:00" hostname="agent-env-1fd49c36-ffd4-45bb-ae33-d081b18e93cb"><testcase classname="tests.phase2_chatbot_test.TestReturnsReasonCode" name="test_reason_codes_endpoint_lists_expected_codes" time="0.686" /><testcase classname="tests.phase2_chatbot_test.TestReturnsReasonCode" name="test_reason_codes_requires_auth" time="0.042" /><testcase classname="tests.phase2_chatbot_test.TestReturnsReasonCode" name="test_reason_code_maps_to_correct_payer[defective-store]" time="1.205" /><testcase classname="tests.phase2_chatbot_test.TestChatbotKBCRUD" name="test_create_requires_admin_or_staff" time="1.822" /><testcase classname="tests.phase2_chatbot_test.TestChatbotKBCRUD" name="test_public_get_only_active" time="0.047" /><testcase classname="tests.phase2_chatbot_test.TestChatbotKBCRUD" name="test_admin_get_includeInactive" time="0.052" /><testcase classname="tests.phase2_chatbot_test.TestChatbotKBCRUD" name="test_customer_includeInactive_ignored" time="0.051" /><testcase classname="tests.phase2_chatbot_test.TestReturnsReasonCode" name="test_reason_code_maps_to_correct_payer[wrong_item_shipped-store]" time="0.401" /><testcase classname="tests.phase2_chatbot_test.TestChatbotKBCRUD" name="test_update_kb_staff_ok" time="0.053" /><testcase classname="tests.phase2_chatbot_test.TestChatbotKBCRUD" name="test_update_kb_customer_forbidden" time="0.052" /><testcase classname="tests.phase2_chatbot_test.TestChatbotKBCRUD" name="test_delete_kb_staff_forbidden" time="0.047" /><testcase classname="tests.phase2_chatbot_test.TestChatbotKBCRUD" name="test_delete_kb_customer_forbidden" time="0.051" /><testcase classname="tests.phase2_chatbot_test.TestChatbotKBCRUD" name="test_delete_kb_admin_ok" time="0.094" /><testcase classname="tests.phase2_chatbot_test.TestChatbotLogs" name="test_customer_forbidden" time="0.050" /><testcase classname="tests.phase2_chatbot_test.TestChatbotLogs" name="test_unauthenticated_forbidden" time="0.045" /><testcase classname="tests.phase2_chatbot_test.TestReturnsReasonCode" name="test_reason_code_maps_to_correct_payer[quality_not_as_expected-store]" time="0.407" /><testcase classname="tests.phase2_chatbot_test.TestChatbotLogs" name="test_admin_ok" time="0.048" /><testcase classname="tests.phase2_chatbot_test.TestChatbotLogs" name="test_staff_ok" time="0.050" /><testcase classname="tests.phase2_chatbot_test.TestChatbotAsk" name="test_ask_no_auth_needed_and_empty_message_400" time="0.098" /><testcase classname="tests.phase2_chatbot_test.TestChatbotAsk" name="test_ask_matched_kb_returns_matchedKbIds" time="41.320"><failure message="AssertionError: Expected confident answer, got: {'done': True, 'lowConfidence': True, 'whatsappNumber': '919876543210', 'matchedKbIds': ['6a57d898ccea6ba2813a60df', '6a57dd02623413c87c76a90f']}&#10;assert True is False&#10; +  where True = &lt;built-in method get of dict object at 0xfc702dbe6540&gt;('lowConfidence')&#10; +    where &lt;built-in method get of dict object at 0xfc702dbe6540&gt; = {'done': True, 'lowConfidence': True, 'whatsappNumber': '919876543210', 'matchedKbIds': ['6a57d898ccea6ba2813a60df', '6a57dd02623413c87c76a90f']}.get">backend/tests/phase2_chatbot_test.py:251: in test_ask_matched_kb_returns_matchedKbIds
    assert final.get('lowConfidence') is False, f'Expected confident answer, got: {final}'
E   AssertionError: Expected confident answer, got: {'done': True, 'lowConfidence': True, 'whatsappNumber': '919876543210', 'matchedKbIds': ['6a57d898ccea6ba2813a60df', '6a57dd02623413c87c76a90f']}
E   assert True is False
E    +  where True = &lt;built-in method get of dict object at 0xfc702dbe6540&gt;('lowConfidence')
E    +    where &lt;built-in method get of dict object at 0xfc702dbe6540&gt; = {'done': True, 'lowConfidence': True, 'whatsappNumber': '919876543210', 'matchedKbIds': ['6a57d898ccea6ba2813a60df', '6a57dd02623413c87c76a90f']}.get</failure></testcase><testcase classname="tests.phase2_chatbot_test.TestReturnsReasonCode" name="test_reason_code_maps_to_correct_payer[wrong_size_ordered-customer]" time="0.376" /><testcase classname="tests.phase2_chatbot_test.TestReturnsReasonCode" name="test_reason_code_maps_to_correct_payer[changed_mind-customer]" time="0.359" /><testcase classname="tests.phase2_chatbot_test.TestReturnsReasonCode" name="test_reason_code_maps_to_correct_payer[other-customer]" time="0.347" /><testcase classname="tests.phase2_chatbot_test.TestReturnsReasonCode" name="test_invalid_reason_code_rejected" time="0.363" /><testcase classname="tests.phase2_chatbot_test.TestReturnsReasonCode" name="test_missing_reason_code_rejected" time="0.341" /><testcase classname="tests.phase2_chatbot_test.TestQuoteConvertRecalc" name="test_intra_state_maharashtra_cgst_sgst_split" time="0.594" /><testcase classname="tests.phase2_chatbot_test.TestQuoteConvertRecalc" name="test_inter_state_igst_only" time="0.626" /><testcase classname="tests.phase2_chatbot_test.TestChatbotAsk" name="test_ask_low_confidence_no_kb_match" time="5.556" /><testcase classname="tests.phase2_chatbot_test.TestChatbotAsk" name="test_ask_creates_log_for_every_call" time="5.455" /></testsuite></testsuites>