<?xml version="1.0" encoding="utf-8"?><testsuites name="pytest tests"><testsuite name="pytest" errors="0" failures="0" skipped="0" tests="67" time="9.719" timestamp="2026-07-15T18:17:21.111341+00:00" hostname="agent-env-1fd49c36-ffd4-45bb-ae33-d081b18e93cb"><testcase classname="tests.backend_test.TestOrders" name="test_guest_order_success" time="0.235" /><testcase classname="tests.backend_test.TestProducts" name="test_public_only_active" time="0.242" /><testcase classname="tests.backend_test.TestOrders" name="test_moq_rejection" time="0.049" /><testcase classname="tests.backend_test.TestOrders" name="test_igst_split_when_state_differs" time="0.246" /><testcase classname="tests.backend_test.TestProducts" name="test_admin_include_inactive" time="0.733" /><testcase classname="tests.backend_test.TestOrders" name="test_customer_order_attaches_customer_id" time="0.441" /><testcase classname="tests.backend_test.TestOrders" name="test_customer_cannot_see_other_customer_order" time="0.622" /><testcase classname="tests.backend_test.TestProducts" name="test_customer_cannot_create_product" time="0.615" /><testcase classname="tests.backend_test.TestProducts" name="test_unauthenticated_cannot_create_product" time="0.047" /><testcase classname="tests.backend_test.TestOrders" name="test_customer_list_shows_only_own" time="0.057" /><testcase classname="tests.backend_test.TestOrders" name="test_admin_list_shows_all" time="0.516" /><testcase classname="tests.backend_test.TestProducts" name="test_staff_can_create_and_update_but_not_delete" time="0.746" /><testcase classname="tests.backend_test.TestOrders" name="test_status_transitions_and_cancel_after_shipped" time="0.375" /><testcase classname="tests.backend_test.TestProducts" name="test_calc_price_boundaries" time="0.357" /><testcase classname="tests.backend_test.TestOrders" name="test_customer_cannot_change_status" time="0.147" /><testcase classname="tests.backend_test.TestAuth" name="test_admin_login_staff_accounttype" time="0.270" /><testcase classname="tests.backend_test.TestAuth" name="test_login_wrong_password" time="0.280" /><testcase classname="tests.backend_test.TestPayments" name="test_rejects_zero_or_negative" time="0.638" /><testcase classname="tests.backend_test.TestAuth" name="test_login_nonexistent_email" time="0.057" /><testcase classname="tests.backend_test.TestPayments" name="test_rejects_overpay" time="0.100" /><testcase classname="tests.backend_test.TestAuth" name="test_customer_register_and_login" time="0.279" /><testcase classname="tests.backend_test.TestPayments" name="test_partial_then_full_flow" time="0.768" /><testcase classname="tests.backend_test.TestAuth" name="test_me_returns_role" time="0.126" /><testcase classname="tests.backend_test.TestCustomerPortal" name="test_me" time="0.061" /><testcase classname="tests.backend_test.TestCustomerPortal" name="test_update_profile" time="0.051" /><testcase classname="tests.backend_test.TestCustomerPortal" name="test_address_crud" time="0.224" /><testcase classname="tests.backend_test.TestCustomerPortal" name="test_wishlist_toggle" time="0.157" /><testcase classname="tests.backend_test.TestPayments" name="test_customer_cannot_create_payment" time="0.097" /><testcase classname="tests.backend_test.TestCustomerPortal" name="test_dashboard" time="0.064" /><testcase classname="tests.backend_test.TestPayments" name="test_list_payments_admin_only" time="0.177" /><testcase classname="tests.backend_test.TestReturns" name="test_return_before_delivery_rejected" time="0.109" /><testcase classname="tests.backend_test.TestDashboardExportActivity" name="test_admin_dashboard" time="0.424" /><testcase classname="tests.backend_test.TestReturns" name="test_return_ownership_check" time="0.764" /><testcase classname="tests.backend_test.TestDashboardExportActivity" name="test_export_orders_csv" time="0.114" /><testcase classname="tests.backend_test.TestDashboardExportActivity" name="test_export_customers_csv" time="0.057" /><testcase classname="tests.backend_test.TestDashboardExportActivity" name="test_activity_log_has_entries" time="0.077" /><testcase classname="tests.backend_test.TestDashboardExportActivity" name="test_activity_log_customer_forbidden" time="0.076" /><testcase classname="tests.backend_test.TestReturns" name="test_return_reason_defect_store_pays" time="0.602" /><testcase classname="tests.backend_test.TestShipping" name="test_calculate_maharashtra_prefix" time="0.059" /><testcase classname="tests.backend_test.TestShipping" name="test_calculate_free_shipping_above_threshold" time="0.061" /><testcase classname="tests.backend_test.TestShipping" name="test_calculate_no_zone_match" time="0.060" /><testcase classname="tests.backend_test.TestShipping" name="test_zone_write_role_gating" time="0.676" /><testcase classname="tests.backend_test.TestReturns" name="test_return_reason_normal_customer_pays" time="0.377" /><testcase classname="tests.backend_test.TestUsersRoleGating" name="test_staff_cannot_list_users" time="0.100" /><testcase classname="tests.backend_test.TestReturns" name="test_return_status_transitions" time="0.538" /><testcase classname="tests.backend_test.TestUsersRoleGating" name="test_staff_cannot_create_user" time="0.048" /><testcase classname="tests.backend_test.TestUsersRoleGating" name="test_customer_cannot_list_users" time="0.052" /><testcase classname="tests.backend_test.TestUsersRoleGating" name="test_admin_can_list_users" time="0.062" /><testcase classname="tests.backend_test.TestQuotes" name="test_customer_price_recompute" time="0.060" /><testcase classname="tests.backend_test.TestQuotes" name="test_staff_price_trusted" time="0.054" /><testcase classname="tests.backend_test.TestQuotes" name="test_convert_flow" time="0.535" /><testcase classname="tests.backend_test.TestCategoriesAndBanners" name="test_categories_public_only_active" time="0.049" /><testcase classname="tests.backend_test.TestCategoriesAndBanners" name="test_category_crud_and_role_gating" time="0.338" /><testcase classname="tests.backend_test.TestCategoriesAndBanners" name="test_banner_role_gating" time="0.153" /><testcase classname="tests.backend_test.TestInvoices" name="test_invoice_idempotent" time="0.257" /><testcase classname="tests.backend_test.TestPrintJobs" name="test_customer_cannot_create" time="0.110" /><testcase classname="tests.backend_test.TestInvoices" name="test_customer_only_sees_own_invoices" time="0.106" /><testcase classname="tests.backend_test.TestPrintJobs" name="test_customer_response_hides_vendor" time="0.288" /><testcase classname="tests.backend_test.TestInvoices" name="test_email_stub" time="0.057" /><testcase classname="tests.backend_test.TestSettings" name="test_public_settings_no_gemini_key" time="0.104" /><testcase classname="tests.backend_test.TestSettings" name="test_full_settings_admin_only" time="0.171" /><testcase classname="tests.backend_test.TestPrintJobs" name="test_customer_can_approve_only_from_proof_sent" time="0.285" /><testcase classname="tests.backend_test.TestSettings" name="test_update_settings_admin_only" time="0.227" /><testcase classname="tests.backend_test.TestCrossCuttingRoleSecurity" name="test_customer_blocked_from_privileged_writes" time="0.874" /><testcase classname="tests.backend_test.TestBanksAndVendors" name="test_bank_account_admin_only" time="0.229" /><testcase classname="tests.backend_test.TestBanksAndVendors" name="test_vendor_role_gating" time="0.293" /><testcase classname="tests.backend_test.TestCrossCuttingRoleSecurity" name="test_unauthenticated_blocked_from_privileged_writes" time="0.249" /></testsuite></testsuites>