<?xml version="1.0" encoding="utf-8"?><testsuites name="pytest tests"><testsuite name="pytest" errors="0" failures="0" skipped="1" tests="96" time="44.339" timestamp="2026-07-15T19:22:17.866498+00:00" hostname="agent-env-1fd49c36-ffd4-45bb-ae33-d081b18e93cb"><testcase classname="tests.phase2_chatbot_test.TestReturnsReasonCode" name="test_reason_codes_endpoint_lists_expected_codes" time="0.454" /><testcase classname="tests.backend_test.TestOrders" name="test_guest_order_success" time="0.459" /><testcase classname="tests.phase2_chatbot_test.TestReturnsReasonCode" name="test_reason_codes_requires_auth" time="0.047" /><testcase classname="tests.backend_test.TestOrders" name="test_moq_rejection" time="0.095" /><testcase classname="tests.backend_test.TestOrders" name="test_igst_split_when_state_differs" time="0.280" /><testcase classname="tests.phase2_chatbot_test.TestReturnsReasonCode" name="test_reason_code_maps_to_correct_payer[defective-store]" time="1.203" /><testcase classname="tests.backend_test.TestOrders" name="test_customer_order_attaches_customer_id" time="0.429" /><testcase classname="tests.backend_test.TestOrders" name="test_customer_cannot_see_other_customer_order" time="0.492" /><testcase classname="tests.phase2_chatbot_test.TestReturnsReasonCode" name="test_reason_code_maps_to_correct_payer[wrong_item_shipped-store]" time="0.540" /><testcase classname="tests.backend_test.TestOrders" name="test_customer_list_shows_only_own" time="0.063" /><testcase classname="tests.backend_test.TestOrders" name="test_admin_list_shows_all" time="0.335" /><testcase classname="tests.backend_test.TestOrders" name="test_status_transitions_and_cancel_after_shipped" time="0.450" /><testcase classname="tests.phase2_chatbot_test.TestReturnsReasonCode" name="test_reason_code_maps_to_correct_payer[quality_not_as_expected-store]" time="0.361" /><testcase classname="tests.backend_test.TestOrders" name="test_customer_cannot_change_status" time="0.203" /><testcase classname="tests.phase2_chatbot_test.TestReturnsReasonCode" name="test_reason_code_maps_to_correct_payer[wrong_size_ordered-customer]" time="0.538" /><testcase classname="tests.phase2_chatbot_test.TestReturnsReasonCode" name="test_reason_code_maps_to_correct_payer[changed_mind-customer]" time="0.593" /><testcase classname="tests.phase2_chatbot_test.TestReturnsReasonCode" name="test_reason_code_maps_to_correct_payer[other-customer]" time="0.874" /><testcase classname="tests.phase2_chatbot_test.TestChatbotKBCRUD" name="test_create_requires_admin_or_staff" time="1.461" /><testcase classname="tests.phase2_chatbot_test.TestChatbotKBCRUD" name="test_public_get_only_active" time="0.044" /><testcase classname="tests.phase2_chatbot_test.TestChatbotKBCRUD" name="test_admin_get_includeInactive" time="0.049" /><testcase classname="tests.phase2_chatbot_test.TestChatbotKBCRUD" name="test_customer_includeInactive_ignored" time="0.046" /><testcase classname="tests.phase2_chatbot_test.TestChatbotKBCRUD" name="test_update_kb_staff_ok" time="0.253" /><testcase classname="tests.phase2_chatbot_test.TestReturnsReasonCode" name="test_invalid_reason_code_rejected" time="0.328" /><testcase classname="tests.phase2_chatbot_test.TestChatbotKBCRUD" name="test_update_kb_customer_forbidden" time="0.043" /><testcase classname="tests.phase2_chatbot_test.TestChatbotKBCRUD" name="test_delete_kb_staff_forbidden" time="0.054" /><testcase classname="tests.phase2_chatbot_test.TestChatbotKBCRUD" name="test_delete_kb_customer_forbidden" time="0.088" /><testcase classname="tests.phase2_chatbot_test.TestChatbotKBCRUD" name="test_delete_kb_admin_ok" time="0.138" /><testcase classname="tests.phase2_chatbot_test.TestReturnsReasonCode" name="test_missing_reason_code_rejected" time="0.939" /><testcase classname="tests.backend_test.TestAuth" name="test_admin_login_staff_accounttype" time="0.275" /><testcase classname="tests.backend_test.TestAuth" name="test_login_wrong_password" time="0.274" /><testcase classname="tests.backend_test.TestAuth" name="test_login_nonexistent_email" time="0.052" /><testcase classname="tests.backend_test.TestAuth" name="test_customer_register_and_login" time="0.324" /><testcase classname="tests.backend_test.TestAuth" name="test_me_returns_role" time="0.107" /><testcase classname="tests.backend_test.TestProducts" name="test_public_only_active" time="0.174" /><testcase classname="tests.backend_test.TestProducts" name="test_admin_include_inactive" time="0.490" /><testcase classname="tests.backend_test.TestPayments" name="test_rejects_zero_or_negative" time="0.411" /><testcase classname="tests.backend_test.TestPayments" name="test_rejects_overpay" time="0.092" /><testcase classname="tests.backend_test.TestPayments" name="test_partial_then_full_flow" time="0.980" /><testcase classname="tests.backend_test.TestProducts" name="test_customer_cannot_create_product" time="0.450" /><testcase classname="tests.backend_test.TestProducts" name="test_unauthenticated_cannot_create_product" time="0.045" /><testcase classname="tests.backend_test.TestProducts" name="test_staff_can_create_and_update_but_not_delete" time="0.638" /><testcase classname="tests.backend_test.TestPayments" name="test_customer_cannot_create_payment" time="0.061" /><testcase classname="tests.backend_test.TestPayments" name="test_list_payments_admin_only" time="0.108" /><testcase classname="tests.backend_test.TestProducts" name="test_calc_price_boundaries" time="0.228" /><testcase classname="tests.backend_test.TestReturns" name="test_return_before_delivery_rejected" time="0.154" /><testcase classname="tests.backend_test.TestReturns" name="test_return_ownership_check" time="0.412" /><testcase classname="tests.backend_test.TestCustomerPortal" name="test_me" time="0.106" /><testcase classname="tests.backend_test.TestCustomerPortal" name="test_update_profile" time="0.088" /><testcase classname="tests.backend_test.TestCustomerPortal" name="test_address_crud" time="0.146" /><testcase classname="tests.backend_test.TestReturns" name="test_return_reason_defect_store_pays" time="0.391" /><testcase classname="tests.backend_test.TestCustomerPortal" name="test_wishlist_toggle" time="0.093" /><testcase classname="tests.backend_test.TestCustomerPortal" name="test_dashboard" time="0.047" /><testcase classname="tests.backend_test.TestDashboardExportActivity" name="test_admin_dashboard" time="0.176" /><testcase classname="tests.backend_test.TestDashboardExportActivity" name="test_export_orders_csv" time="0.133" /><testcase classname="tests.backend_test.TestReturns" name="test_return_reason_normal_customer_pays" time="0.411" /><testcase classname="tests.backend_test.TestDashboardExportActivity" name="test_export_customers_csv" time="0.045" /><testcase classname="tests.backend_test.TestDashboardExportActivity" name="test_activity_log_has_entries" time="0.065" /><testcase classname="tests.backend_test.TestDashboardExportActivity" name="test_activity_log_customer_forbidden" time="0.044" /><testcase classname="tests.backend_test.TestUsersRoleGating" name="test_staff_cannot_list_users" time="0.044" /><testcase classname="tests.backend_test.TestUsersRoleGating" name="test_staff_cannot_create_user" time="0.044" /><testcase classname="tests.backend_test.TestUsersRoleGating" name="test_customer_cannot_list_users" time="0.045" /><testcase classname="tests.backend_test.TestUsersRoleGating" name="test_admin_can_list_users" time="0.043" /><testcase classname="tests.backend_test.TestReturns" name="test_return_status_transitions" time="1.211" /><testcase classname="tests.phase2_chatbot_test.TestChatbotLogs" name="test_customer_forbidden" time="0.431" /><testcase classname="tests.phase2_chatbot_test.TestChatbotLogs" name="test_unauthenticated_forbidden" time="0.101" /><testcase classname="tests.phase2_chatbot_test.TestChatbotLogs" name="test_admin_ok" time="0.323" /><testcase classname="tests.backend_test.TestShipping" name="test_calculate_maharashtra_prefix" time="0.099" /><testcase classname="tests.phase2_chatbot_test.TestChatbotLogs" name="test_staff_ok" time="0.464" /><testcase classname="tests.backend_test.TestShipping" name="test_calculate_free_shipping_above_threshold" time="0.092" /><testcase classname="tests.phase2_chatbot_test.TestChatbotAsk" name="test_ask_no_auth_needed_and_empty_message_400" time="0.140" /><testcase classname="tests.backend_test.TestShipping" name="test_calculate_no_zone_match" time="0.056" /><testcase classname="tests.phase2_chatbot_test.TestChatbotAsk" name="test_ask_matched_kb_returns_matchedKbIds" time="22.221"><skipped type="pytest.skip" message="Gemini 3.5-flash preview returned lowConfidence=True on all 3 attempts despite KB match (likely Google 503). Endpoint responded gracefully. final={'done': True, 'lowConfidence': True, 'whatsappNumber': '919876543210', 'matchedKbIds': ['6a57d898ccea6ba2813a60df', '6a57dd02623413c87c76a90f', '6a57ddee31434e8550e814ac']}">/app/backend/tests/phase2_chatbot_test.py:265: Gemini 3.5-flash preview returned lowConfidence=True on all 3 attempts despite KB match (likely Google 503). Endpoint responded gracefully. final={'done': True, 'lowConfidence': True, 'whatsappNumber': '919876543210', 'matchedKbIds': ['6a57d898ccea6ba2813a60df', '6a57dd02623413c87c76a90f', '6a57ddee31434e8550e814ac']}</skipped></testcase><testcase classname="tests.backend_test.TestShipping" name="test_zone_write_role_gating" time="0.613" /><testcase classname="tests.backend_test.TestCategoriesAndBanners" name="test_categories_public_only_active" time="0.056" /><testcase classname="tests.backend_test.TestCategoriesAndBanners" name="test_category_crud_and_role_gating" time="0.314" /><testcase classname="tests.backend_test.TestCategoriesAndBanners" name="test_banner_role_gating" time="0.164" /><testcase classname="tests.backend_test.TestQuotes" name="test_customer_price_recompute" time="0.059" /><testcase classname="tests.backend_test.TestQuotes" name="test_staff_price_trusted" time="0.086" /><testcase classname="tests.backend_test.TestQuotes" name="test_convert_flow" time="0.467" /><testcase classname="tests.backend_test.TestInvoices" name="test_invoice_idempotent" time="0.206" /><testcase classname="tests.backend_test.TestInvoices" name="test_customer_only_sees_own_invoices" time="0.107" /><testcase classname="tests.backend_test.TestInvoices" name="test_email_stub" time="0.071" /><testcase classname="tests.backend_test.TestPrintJobs" name="test_customer_cannot_create" time="0.120" /><testcase classname="tests.backend_test.TestPrintJobs" name="test_customer_response_hides_vendor" time="0.276" /><testcase classname="tests.backend_test.TestPrintJobs" name="test_customer_can_approve_only_from_proof_sent" time="0.334" /><testcase classname="tests.backend_test.TestSettings" name="test_public_settings_no_gemini_key" time="0.053" /><testcase classname="tests.backend_test.TestSettings" name="test_full_settings_admin_only" time="0.158" /><testcase classname="tests.backend_test.TestSettings" name="test_update_settings_admin_only" time="0.104" /><testcase classname="tests.backend_test.TestBanksAndVendors" name="test_bank_account_admin_only" time="0.269" /><testcase classname="tests.backend_test.TestBanksAndVendors" name="test_vendor_role_gating" time="0.230" /><testcase classname="tests.backend_test.TestCrossCuttingRoleSecurity" name="test_customer_blocked_from_privileged_writes" time="0.881" /><testcase classname="tests.backend_test.TestCrossCuttingRoleSecurity" name="test_unauthenticated_blocked_from_privileged_writes" time="0.264" /><testcase classname="tests.phase2_chatbot_test.TestQuoteConvertRecalc" name="test_intra_state_maharashtra_cgst_sgst_split" time="0.909" /><testcase classname="tests.phase2_chatbot_test.TestQuoteConvertRecalc" name="test_inter_state_igst_only" time="0.563" /><testcase classname="tests.phase2_chatbot_test.TestChatbotAsk" name="test_ask_low_confidence_no_kb_match" time="5.659" /><testcase classname="tests.phase2_chatbot_test.TestChatbotAsk" name="test_ask_creates_log_for_every_call" time="5.447" /></testsuite></testsuites>